0eb99a35-0ae6-4959-8762-d9b94698b20d GET /products 60.165
d42da8d7-0bff-45f6-82a6-9fb39ec2a96e GET /users 93.430
4d20d671-2752-40ea-b8db-dfc9d739e53a GET /admins 70.859
7c29d888-bfd2-42dd-9913-9c480c00e47d GET /products 6755.782
d625b466-bbf1-400d-bd66-8c9506bb7ca1 POST /mailer/getotp 67.174
806769ca-c9dd-4f5c-b493-23a8bc32cdb6 POST /mailer/getotp 118.733
d32b210b-4da9-492d-8c4f-c9e9d902f6f2 POST /mailer/verifyotp 153.384
b1418fe0-4beb-47e8-9c81-c0456cb02087 POST /users/change-to-default 205.670
7a8c8b9f-db19-4c8c-adc0-ba85d17b3198 GET /users 29.112
bbedb95c-a7c7-45e6-8918-86abb507660d GET /products 36.276
d7fcbb97-ce52-4b59-844b-1fe03a0f2711 GET /admins 97.074
a0c4a97f-ccf8-48ce-bfc3-9a822033fdf7 GET /products 52.184
37e2e1d9-59fc-433b-91f6-f9e293af7d3f GET /users 64.236
1874dadf-070f-455e-b51b-ce412bfc9fef GET /admins 144.001
f9b3162b-dfaa-4d3e-9278-dcc2f76f91da GET /admins 61.407
f3ba4675-fa9a-416f-ad6d-a3cb23e29a74 GET /products 41.057
82ccedf5-eac9-4ee2-959f-8853bad62132 GET /users 52.267
3cc0368a-ecb3-4141-a25a-792e781998d3 GET /admins 56.133
d2463f97-ca0e-4ccf-b276-e5f93e4dfe98 POST /mailer/getotp 81.680
07d2b8eb-1a06-4061-aa96-e6e79e5657be GET /admins 97.325
f2c0c972-6af5-46a1-b763-0686c786ba26 GET /admins 64.297
20ef092b-b9ff-41fa-a999-db68e7a3f009 GET /main.0475cb1111da9f94a92b.hot-update.json 2.203
6f7c1f11-e683-4cb9-b912-a3d0867638bd GET /users 84.514
cdec44ad-55fd-4b03-bd49-99cdebb461d7 GET /products 82.041
3f426490-8375-425e-8ed8-5437edd34df5 GET /admins 62.675
c778d407-ae9d-484c-9fab-d909af84e459 GET /admins 82.673
e46ea2cb-c6e7-4f5c-9dbd-86bb7713dd39 GET /products 82.729
da665ee8-9d81-40d8-bf7c-fb62135517a3 GET /products 89.281
f477ce57-b55f-4348-8411-466f3bebabba GET /admins 91.945
fbff444f-8c2b-49c7-96e8-63175fbe9160 POST /mailer/getotp 98.050
b1c4b1be-a1d0-4abc-b1b2-2bf27a7e6be3 POST /mailer/verifyotp 52.861
2a6b4e03-9dd8-45b0-9025-8fd993f8f612 POST /mailer/verifyotp 38.113
b86bdb86-6f17-42a8-a5a5-649ba1042e3f POST /mailer/verifyotp 40.888
bd784137-eb14-4166-87a7-fa93e392bb1d POST /mailer/verifyotp 108.377
6ed2bd4d-fd3f-4d87-a848-08edbaa04ff7 POST /users/change-to-default 197.896
6136cc04-27ca-49c8-96de-fe984eba6e75 POST /users/signin 61.135
25e29d50-67ae-41dd-86a8-fb090ade4bc1 POST /users/signin 41.489
9728e5d1-fc24-4e61-98f5-6babcb599de8 GET /products 277.162
63981ceb-9787-4931-95e6-ae97cc48647b GET /admins 286.036
a2f02772-a84a-4aed-b75b-cca2d9f50cfd POST /mailer/getotp 67.844
3ca968f4-025a-400b-8596-1b1ccd6f06c7 POST /mailer/verifyotp 109.589
c2cc7618-205d-45a3-a68a-90e7aede3767 POST /users/change-to-default 84.195
31aaf605-7794-48e5-9bb8-34ab7303da6c GET /products 36.093
07e21be2-dfeb-480f-b74c-f40cd9caa7a3 GET /admins 47.157
94c67aee-35bb-43a6-bea0-2500ed25ec6d POST /users/signin 39.488
39677782-418b-4332-9be7-7c7931930f0b POST /users/signin 36.611
bc18d9ec-17ec-40ed-9887-27419c448de5 POST /users/signin 47.436
7674d6bf-1b0c-4847-8603-1433da9475ba POST /users/signin 45.635
add4ab1a-fd2e-459f-ad32-5f6a9317ad81 POST /users/signin 55.924
2417fd32-772f-443c-94a3-836788134c4b POST /users/signin 53.338
a4c4bbf4-fbd1-4397-962d-6a0528219441 GET /products 184.029
5c7721ff-624f-4c73-a6d8-2993feccb1b6 GET /admins 188.649
d511c687-2bc6-4c96-a754-986dbad0b2eb GET /products 78.922
a7042c1b-68b7-4f51-8206-505e68e2f16b GET /admins 82.159
a96bd12c-1550-467f-aed0-6ae0c7952d17 GET /products 49.860
1f3accb5-a46f-4d30-a16e-e8a2867ffc39 GET /admins 52.616
331d33dd-985d-42fe-933a-cc718aaba7eb POST /users/signin 55.844
841f9193-b656-4892-8b13-1a0690628f98 POST /users/signin 103.717
049971a1-13e6-4fdb-ac0d-0d22114cdae0 GET /users 42.943
9e513966-95d9-4322-a868-0a8e15cf0847 GET /products 52.959
a3de5236-88fb-4b64-9d9f-565452dec875 GET /admins 45.301
234b1322-f535-4f32-ad69-f366d1d0ff93 GET /admins 41.527
8af90ae2-9964-4b59-a51c-703dce0580d7 GET /products 43.340
dcf128b3-c336-43ba-9cf3-a6ca3f235e3b GET /admins 39.834
96476aab-3210-4f76-b420-9f13c77e392b GET /products 45.050
b6f373c4-5dfc-4c26-8fb9-7a9364f58d61 GET /users 39.663
0200876b-00e7-4462-b49a-4e3ec5b8195b POST /users 164.672
ec2e26fc-1ac9-445f-b819-72ec4819d32d GET /products 38.169
9d42b5c0-f1ce-4259-aae0-bd2f1b2a2192 GET /users 49.552
16132371-f911-4d32-91a7-1dadafb45d7e GET /admins 47.248
c5e24c9b-cfb6-48ed-8821-ceda3db31f8c GET /users 40.845
b60e2842-1e8d-47bc-a8a9-80149f921107 POST /users 301.185
f48fcd53-63b2-42ec-aa1d-0dc2f4bb5cd6 GET /products 52.765
69a6112d-23a8-4a9b-9a89-5ef5454785b7 GET /admins 67.172
4fbbde16-bfce-427e-bda7-aa0e782f7605 GET /admins 49.488
27799dea-b9cf-4bea-bdf6-8a0407e6abb7 GET /products 50.201
734942ff-a7d6-4373-acac-44571eb1d848 GET /users 47.190
c522a20e-db0d-4443-ae66-075d0ab5a34e POST /users 357.342
58ebff3b-5477-4b39-95ad-0d67930c627a GET /products 41.977
146b1f8c-832b-44a6-8818-5a1f4ccd686f GET /users 53.871
da12e0a3-9cfe-4491-bd1a-f53e8f545797 GET /admins 135.317
b3741b72-281c-4a2c-b2c1-d540b36ed4bc POST /users/signin 139.148
af9502f6-fc1e-4d4a-b616-a1a6e5d36986 GET /users 407.899
051a7e53-ac22-4027-abff-621933e26cb2 GET /products 416.907
677ca9db-7a8a-45b4-ad46-a5bcc47b5bbc GET /admins 53.009
bc723dbf-0de7-4e6b-b150-d50db43f130e GET /articles 37.491
ab37e27e-6f07-4315-81e6-e3de7dd68331 GET /messages 35.191
a9997ae9-4ae4-4872-a39e-96a908a46b8f GET /messages 551.952
243817f5-3257-4f4e-97df-2227df9e10a5 GET /messages 267.387
74b72613-00d0-4da8-b436-11c284cb8df8 GET /messages 540.750
7751fcd0-8197-4f29-97f0-818b6d88cac2 GET /messages 778.025
20bab549-1295-4d1e-9940-66936780b4d0 GET /users 672.618
f6c5572b-108b-4cd2-867f-ef1ce74ad08b GET /products 651.927
e0c266ee-d732-4123-ad9a-474f0065a5ec GET /admins 41.276
3bb624e4-e278-48a4-8a20-5694092910bd GET /Animated%20Leaf%20Icon%20final.jpg 1.337
20f98427-f8be-4b68-b778-7517d6a5e27b GET /assets/Animated%20Leaf%20Icon%20final.jpg 0.592
a9dbe79b-7ac2-47b7-8935-949a3fa6d1a0 GET /products 146.027
8c84e546-82d5-472b-b7e0-3683a62053f4 GET /users 149.863
a05a9955-7d88-4007-a43a-f248bd70a690 GET /admins 36.300
ab14d515-3c7e-4aaa-a51d-93b29829470b GET /products 108.098
0e3e91b4-3c9e-4b98-bbe0-76ad499ac30d GET /users 112.624
0873b4a2-9dee-413b-9ea1-fe1927f79e8c GET /messages 237.466
4e6263e6-423d-4b3d-80c8-854b9e9ba1e6 GET /messages 2453.147
da2f7dd1-6164-4e47-8f8d-aad217cd598b GET /messages 485.316
62decd1e-f59a-45f2-832d-cb00462e008d GET /messages 372.006
047f46a7-5f65-45ed-b1b0-d6022988ca67 GET /messages 473.818
ed7bb70a-cf04-4036-a70a-15c97c72d32d POST /messages -
22391e13-c080-483a-9124-e99d74071ee1 GET /users 81.310
fbe672de-bcca-4a01-a7fe-3053374c90c8 GET /products 83.646
1cefe99e-73dc-4787-a2f5-a517c262717b GET /admins 80.803
2120550f-b049-4ffb-9ebd-af7103a44472 GET /products 36.957
d01de5e2-7154-4ae7-a8c4-ca52a1b58055 GET /users 43.024
823b5935-4adf-40dc-a1e0-e6cf9fe600b7 GET /admins 38.959
78c1f2c7-d48c-4a38-80f3-20296d1a3269 GET /messages 435.938
48b51fc8-d8c8-4594-86ff-70b4f66e8f3f DELETE /messages/641d9cc7b8ad22ac668e3a8f 59.371
673f0b89-3139-42f7-8445-053f5f1d3903 GET /users 148.618
103c3cf8-9743-476e-a5e1-6469539f9e05 GET /products 153.472
d02ae611-a12b-4146-9bb3-8bc6cc9da3cf GET /admins 50.770
177e6368-f011-4d0d-a494-4bb29f37f30c GET /messages 190.085
68556337-e9ff-42ae-9171-fcc587f92ee8 GET /users 51.395
a1b4d608-9013-45b7-a7f2-497ff3a0138a GET /products 53.873
ab08fa9e-898e-4e73-af20-3f8d6907a6b7 GET /admins 33.092
35616ac2-953f-4a9e-9639-0d3974f72130 GET /messages 267.577
d17d2faa-872c-43e9-b70f-cd679489f038 GET /users 46.976
1fe6cf85-34c1-486b-af1b-71af00b01001 GET /products 44.435
cac7293f-bfd8-4adb-b413-8d5710bee729 GET /messages 360.124
5cf90cb2-2cad-4bf2-8f7e-175475f0e6be POST /admins/announce 457.345
14674368-9af9-45de-bf3f-bc80ec1c1535 POST /admins/announce 97.011
cd2c7974-fa3b-4ae1-ac8d-fb1102282654 GET /products 1103.781
46f77764-8400-4b60-aef0-0f55433f6c6e GET /messages 1292.283
ced289e3-66e1-4e3c-8e66-d87350f58d2e GET /users 1376.716
d07040b0-c5ba-441c-8590-f515ee77f42f GET /users 74.830
6b2633e8-eb68-482d-b9f5-0102ef083e24 GET /products 76.339
366c6422-e851-4fc6-a974-3317780327a9 GET /admins 49.133
00c0787e-4596-4b9e-9b32-15b1edecad73 GET /users 27.465
881f7eca-370b-42eb-9560-987d0bfb9aec GET /products 37.452
7e972e6b-66e5-4d90-b5c9-b4addc30e7a2 GET /messages 141.352
d4bc6f8a-08c9-4e4f-b0e8-da14618e7172 POST /admins/announce 283.265
e9276a71-8e46-4fa0-8891-f7a512474dab GET /users 63.080
4c3dce51-fb72-425a-afa4-ccf2ee35361f GET /products 66.097
06b142b1-87ea-4354-b34c-5de88df33a82 GET /messages 204.555
ff9e0257-1cd6-4298-a25f-0deeb0746ca3 GET /users 198.220
037b0e5c-ae71-4cf4-97cd-97c878479fac GET /products 199.394
4569d7e9-bd63-499f-b604-48f787c99a41 GET /admins 45.870
ef6f568b-67bb-4b0c-8c86-38c208ec1842 GET /products 73.837
cca8b9f4-10b9-4442-9942-daac64895fef GET /users 77.413
3d9b8e6c-2c69-4c3a-b03a-c09616102095 GET /admins 182.544
946627cc-eb67-474e-838e-dc5f591934e7 GET /articles 85.945
346c0773-1d9e-468d-9abe-29a38687b318 GET /articles 77.171
812d1c86-e5ea-4ae9-94cd-c6f497138a92 GET /articles 160.139
34fe32fd-5962-4964-bce6-d0ac111d76a6 GET /users 133.917
1bfcd4f8-b4b5-487d-be92-571ac5585ca5 GET /products 135.046
98388e45-7a87-4fda-b7aa-7b2918fa0c5b GET /articles 138.970
87496350-a790-4d17-9951-6cf12179249f GET /admins 45.869
9db8fad7-2d8c-472f-a3b5-ae1973b365ce GET /messages 41.572
15b9176c-6647-46cc-a021-15e635a54b0f GET /users 109.646
a33c68f9-6c2d-4281-85a4-9b78e32fea4c GET /products 113.101
81592d61-a486-4221-9977-0d752d6ba59e GET /admins 40.059
48f69088-e183-4e87-b5ac-707a51481fdd GET /messages 252.878
e9ba8873-ab38-489c-9d30-9cab03b75359 GET /products 140.227
dcd162b5-de84-4f32-8819-09b264d4609e GET /users 144.013
fb381239-c139-4560-b68d-c13000e2f2d6 GET /messages 119.917
19d6369e-a257-4749-b99d-6afec548ae56 GET /messages 143.436
4eef3655-5c18-41f7-ac7e-b89ef4f0e5fa GET /messages 154.393
0874e025-286b-4eb5-9be7-530782b08549 GET /messages 170.981
af7a5337-c77b-4dc8-9d53-6978284833aa GET /messages 233.760
29d1cf7d-a691-4b1d-b41c-596477bcd8b2 GET /messages 424.975
ae91fd7c-4c27-4359-bad3-f477cfc8b241 GET /users 134.063
26d58760-e301-4af7-aa90-1889ea32bfa2 GET /products 137.255
62c22ec2-b77c-4247-a1b7-cbada8ba688d GET /admins 39.013
9a2a5835-8275-4380-8b15-da2c6b635734 GET /messages 414.353
4752b8f5-0073-4d00-a934-c7d0a06f910e POST /messages -
924ac9a2-4e8b-44e9-a0cd-ea35054eab45 POST /messages -
e097c49f-3aa1-446a-8fa8-eba71091a00a POST /messages -
0392d537-42e5-485d-88e8-b763b42eab08 GET /products 1744.798
89f8b430-5b60-41dd-bd8b-5d1d1b4881d8 GET /users 1920.357
7b67077a-39fd-42fb-a82e-534ed02b0aea GET /admins 45.174
04d711d2-4124-483f-a171-8d2ed73b5076 GET /Animated%20Leaf%20Icon%20final.jpg 1.917
03d26e5b-f1c3-4463-bf52-df8863d4d96d GET /assets/Animated%20Leaf%20Icon%20final.jpg 0.541
6a0d95f9-43be-48b4-a5ae-5423b8dc4e9f GET /articles 233.631
f377337a-03ca-48c8-83cf-04e50d429968 GET /admins 151.461
0895667a-a1fb-4414-ade7-1f5f2c712139 GET /products 154.106
c96e9bc9-e871-40b0-87b5-54322ce8f603 GET /Animated%20Leaf%20Icon%20final.jpg 5.326
b60d136a-3b37-423e-bba7-9e06c4330f9b GET /assets/Animated%20Leaf%20Icon%20final.jpg 1.502
ff05d9c9-5aaf-48bf-a126-401a9c55e407 GET /products 261.304
7987154c-ec32-4cda-94cc-bd47c53224d2 GET /admins 271.404
3f3fb2ba-b37c-48ee-9c1e-5c4f608b6433 GET /admins 48.422
4eeee570-9bff-49c1-8faf-6c87b70c231d GET /products 53.919
7ba7d037-cd85-47a0-b37a-2d18bc1cae8f GET /messages/641d87e5ade99bacc2875783 193.323
63bfa019-8290-421e-8101-c3bb30ec86fd GET /messages/641d87e5ade99bacc2875783 99.978
67a127ab-4ad0-4ad2-a9be-141c2a03e1c8 GET /messages/641d87e5ade99bacc2875783 85.278
8f9039a5-404a-4926-a864-c757d0d2e849 GET /products 119.887
f53bda4b-4c6a-4965-b31d-089d440a6060 GET /admins 131.214
ffe4eb9b-7463-45a5-940b-26705881c002 GET /messages/641d87e5ade99bacc2875783 481.981
47bb613d-d4c6-40e0-b12c-3a06169414d1 GET /admins 1827.162
ca38ea82-8f00-49bc-b954-624d7225167e GET /products 1840.231
80bac757-97c6-4315-b002-e7d44620cf78 GET /admins 407.068
84892af7-cc28-4c42-bbdc-722f91f16b2e GET /products 409.831
6596d9b8-610d-4943-9f60-56a1647ae585 GET /admins 453.923
e10d7c04-086a-459c-be6a-5a6a8c75906b GET /products 453.803
b8607652-0d41-4c14-b874-a404248a9e3e GET /messages/641d87e5ade99bacc2875783 66.275
9ce6efc3-07d3-4a13-be6e-9cf05ef25004 GET /messages/641d87e5ade99bacc2875783 494.666
0905a284-c785-4599-9a99-29ac45a1ebcb GET /admins 9531.521
180b82dc-7cb2-487a-9847-94a1bace0dcc GET /admins 784.706
f357fb8a-9900-40ab-a275-ccce9079da11 GET /messages/641d87e5ade99bacc2875783 41.326
bc1d1b39-8d4a-4c0d-adca-a6e85f55db09 GET /products 278.510
a9f38e9f-dd66-4ef1-857a-441c41c0a351 GET /products 25446.101
38a9fa22-eb84-4727-98ec-8a2167f8c744 GET /messages/641d87e5ade99bacc2875783 4096.311
9119e4e8-7163-4663-98ce-c19d75c4f04a GET /messages/ 2321.543
184448f7-53d5-4375-a59b-e9cf2dfaa965 GET /messages/641d87e5ade99bacc2875783 256.752
2122469f-0498-4254-ac84-dbb543b2b862 GET /messages/641da08a604ae13569e3f76c 995.620
332e5264-5d96-4d13-a1ec-4701b53e6582 GET /messages/641da08a604ae13569e3f76c 482.367
8ad35d41-a444-4925-98fa-b69d13e841e1 GET /products 311.862
12b5b2b8-a899-40a8-8862-dccdb088e55b GET /admins 551.969
a905637b-82f7-4b09-a450-7a8fd4f836a4 GET /admins 1418.147
35fd331c-2177-45cf-a0a7-198f12b6453d GET /products 1412.298
5376daaa-7afd-4e9e-9773-43efff6c0edd GET /messages/641d87e5ade99bacc2875783 1257.070
238f7925-44b3-4d33-912c-91fe91ca0e33 GET /products 1748.016
32c1c712-9c2b-49f5-9a81-af07e193e37e GET /admins 1770.880
d4f03851-44a6-48bd-aa5b-f5446ff87b5c GET /messages/641d87e5ade99bacc2875783 1911.114
97ffc582-1149-4ff8-a011-be49c4b936aa GET /messages/641da08a604ae13569e3f76c 4877.673
041d58b8-e8be-49b8-8b0d-117f69e2e9ea GET /admins 120.300
e367f593-c9b9-41f5-9149-20f0f96b5b32 GET /messages/641da08a604ae13569e3f76c 118.376
edd22de4-f84c-4dff-9343-76ab15f67993 GET /products 1008.840
06f9fc90-95c9-4acd-993d-64b4e43a6cb0 GET /products 367.994
86dd12f6-980a-4b9a-a8f3-99d025447732 GET /admins 378.650
8dde44af-800e-40ce-a70c-e0af73d6b1af GET /messages/641da08a604ae13569e3f76c 94.456
5a7470ce-8033-46ae-ae30-7b60d43aeb21 GET /products 125.396
bb29410d-75db-4a1f-891e-ca35641db7e1 GET /admins 133.259
308a87d7-e0dc-4a1e-8af4-e51822af5769 GET /products 104.445
3e5ac117-9656-4cc8-9d7e-71e0ad19333d GET /admins 128.231
d442d9db-aaa6-4616-8f39-20ff20b892e6 GET /products 139.839
86a6ec54-3b68-4422-9998-f19a292488e6 GET /admins 150.277
773de127-12e4-4a21-864f-99b4c61d4177 GET /admins 519.295
48e77aac-1168-49e4-9338-7b55319811cd GET /products 518.048
dac7d32a-ed27-4344-b01e-5bf33519d4a2 GET /messages/641da08a604ae13569e3f76c 143.458
e203706e-3e36-4a08-8e3a-a328fa78c7fd GET /favicon.ico 6.534
ac260c6d-1e6d-4c62-8757-4fc64518dfaf GET /admins 83.517
96a0db37-cbd3-4d2e-9d56-44bff7e18cae GET /products 139.958
55f9aa91-95b8-424e-bb97-5fc6a4ec1f58 GET /products 150.372
8f265db1-f6c0-496f-98e5-b4e249921ece GET /admins 155.214
af26ee19-01b5-454a-a554-4638fb5e2915 GET /products 483.148
ea327f1d-c025-435d-8186-7f4e7b2c8cdd GET /admins 491.347
923818e0-9846-4e8e-9019-e87fa44aeacd GET /products 491.427
5764a783-513c-4516-917f-4f8619093bab GET /admins 495.071
8787326d-2b1b-4be8-9ad0-a023d9c64487 GET /products 145.907
844e8b81-4ab3-4daf-8656-c01220cde779 GET /admins 154.199
e227f765-ce5c-42bf-b54e-0f05b246f32b GET /products 198.741
f41e4781-4e0a-4d9c-b759-7a55a0a2591d GET /admins 208.879
5067d3f2-4610-4b25-bc58-aec9c39e22ff GET /admins 137.748
665c74e6-34dc-4172-bc87-217dc8872281 GET /products 138.182
aae3b2ba-f699-456b-b041-25dfb2fa0a2d GET /admins 257.515
e178a0f4-0075-41b1-b1b6-2d7737019953 GET /products 262.329
36809741-34de-44e4-b75b-ed18d03256df GET /products 361.483
115d3919-9e0a-420a-a9ad-01b42a1c8a12 GET /admins 369.260
89b3ce3d-fcc9-4872-a2d0-9fb31d9a457c GET /admins 87.252
3bad6e80-4c72-4241-847d-bf3330ee2ef3 GET /products 98.068
31133243-dd41-4432-bf2c-20751e03116b GET /admins 84.090
b4f6724a-a4f9-49df-9fa7-fd457d756b4d GET /products 122.530
1dd39cf9-3c78-43d3-8f58-7e411b7765b8 GET /products 437.814
441a2b5d-f894-4b4d-96b5-1d630d0594d9 GET /admins 458.399
8af1e774-c320-40a5-9a15-7ea8a96dd296 GET /admins 733.164
363a5a2a-8a9e-4392-9f83-17ac14d25b25 GET /products 736.203
0ccc3da1-58db-4b13-ba5b-3169120d4944 GET /admins 96.412
77b0cf36-769c-4d51-b158-b67b1adb5d94 GET /products 622.995
94dc19d5-3d03-4bde-8a07-b9a05874781f GET /products 91.191
f5380ace-2ffc-49e0-b581-999d26e7521d GET /admins 90.538
90b34ff0-0d1a-47e3-913e-a0dbf29e6b2b GET /admins 119.777
a0e54083-2186-4e58-81cc-e04d376a429c GET /products 137.059
07999330-9fce-46eb-a603-4b6d3cf11223 GET /products 833.950
1074bcd9-230d-4e8d-bc2d-68a045918c6f GET /admins 839.495
757f130f-4083-474e-9854-e83b632d633d GET /admins 107.162
cb5ee31b-4e84-40ff-82cc-a4f39aff84ae GET /products 112.772
0458dbf7-3fcb-4883-ad42-97f044d54f37 GET /admins 174.631
ec9b647e-67df-49bd-bae5-e89e8e17f67b GET /products 175.769
51a04ded-b4a6-47e6-87fb-703831551245 GET /products 476.460
0398ff1f-9ea1-404b-8de6-94634bee467b GET /admins 470.735
06a7f7a8-bdee-480b-ba3c-7f3715e6037c GET /admins 207.053
6ded7b26-a8ee-4f58-b040-ff921e611137 GET /products -
a600e013-8297-4b73-87e5-54485c8ac82d GET /products 427.056
825bc6f5-a4de-449f-a75c-c0c34e86c80b GET /admins 429.372
a99c8577-7a72-4b14-a1cf-69419d80432b GET /admins 356.724
2783f893-6490-4eae-bb2e-d4d5e3adeb7a GET /products 355.551
b3d2c884-3227-4e2e-a047-e626946bdd9d GET /admin/reply/641da08a604ae13569e3f76c 3.546
66cdf146-5e5e-402f-b304-7072501ea109 GET /products 785.600
aad39b00-5bdb-494c-a86b-5bc44125159b GET /admins 796.353
9b3ce9d6-a7d8-4307-9d0a-5634e69355a8 GET /messages/ 1870.888
6615a065-f83b-41ed-a4f5-00c2c16ccb56 GET /admins 158.820
c9fea1b8-3c2c-457a-a1e6-619908d7d1d8 GET /products 161.216
c0b4bafe-0456-4035-94fb-1ff012cd86f9 GET /messages/ 381.119
da55e4d1-3c2e-4f52-aa3a-f2031290fb92 GET /messages/641da08a604ae13569e3f76c 113.052
6d835df0-e7b2-4e01-9248-0a6753544787 GET /messages/641da08a604ae13569e3f76c 94.652
e42907b0-b583-4942-9eb3-4473aa694a64 GET /messages/ 2059.340
a101bf3c-5969-48a6-9c93-77c078437a68 GET /messages/ 2034.811
688841b2-8ecc-47f1-87c1-9f1af29f13ce GET /messages/641da08a604ae13569e3f76c 1026.282
2c98c50b-ac09-458b-bed1-93684e5121b4 GET /admins 591.120
e7cd34f7-1180-48ea-83a8-fe3d336ad29d GET /products 593.118
aca418cd-9fa3-4852-b4c2-6c0152899eee GET /admins 470.033
e5760654-9bdc-4d6c-8188-c64ce73eccb3 GET /products 470.268
3710c59a-e1ec-4dbb-b094-6943cadaaa4e GET /admins 111.043
679dcb96-c6d4-4801-b7b4-6ebb49e2d6d2 GET /products 147.244
8eb169eb-c986-41d7-a664-2a82964ac2f1 GET /admins 554.383
91761618-74aa-4908-8c4b-9566e542ae16 GET /products 556.625
b3aa4dcd-2930-4f1d-877c-cd3e13fa0462 GET /products 270.942
9ef01b26-1674-4cac-b8d5-26c4b97a14d6 GET /admins 279.142
bab7cf20-bfba-4101-9ce1-1670254124e7 GET /messages/641da08a604ae13569e3f76c 311.304
986cb05a-a281-4e31-bd8d-d1345cd3524d GET /products 167.641
a36c1227-93c2-4851-89de-44d9c04351a3 GET /admins 175.286
35262a15-83f0-4bd7-a362-8f38e4d7383f GET /messages/641da08a604ae13569e3f76c 93.622
46fddc06-8fcd-4ad6-b071-25ef01fed1d6 GET /messages/641da08a604ae13569e3f76c 599.886
117b642b-a9d4-4e7e-a2ba-ca0b83017ee3 GET /admins 456.231
73c91066-59a4-4900-8ec4-839968b77dab GET /products 465.670
9bf51d9f-16be-4794-be33-b9281c63e4e4 GET /messages/641da08a604ae13569e3f76c 379.303
d8cf7abe-ffaf-4d22-a8cd-626785159b6c GET /products 89.018
ec982915-f15e-4b32-8cdb-ad262cabc171 GET /admins 112.540
afe4fa17-3b44-417c-8323-e038f927aa9d GET /messages/641da08a604ae13569e3f76c 138.027
f74c6bd3-ed9d-4695-bda4-324d6ab014bd GET /admins -
2ef4cdda-7e9e-480d-8210-f0666b45a1cd GET /products -
94f0b603-e4f0-49da-8de9-952a1ef95bef GET /products 100.895
e8cac04f-9cf0-4486-9e8c-4371169db1bc GET /admins 101.592
6be8218f-ca15-4390-9b81-2be99ed8e16f GET /messages/641da08a604ae13569e3f76c 82.049
b8356344-ec24-4e52-8c96-efb07efd328d GET /messages/641da08a604ae13569e3f76c 89.198
d24f83db-a5c6-4fbe-bb6c-75306eb3935c GET /messages/641da08a604ae13569e3f76c 448.009
87e380c1-2f4e-4367-99f5-defe84e13042 GET /messages/641da08a604ae13569e3f76c 739.214
3a63f6e3-e7fb-47af-b6ea-74bac55e6521 GET /products 284.745
0e75f250-6d8c-4efe-9abd-3ee30f332433 GET /admins 285.443
b4900452-86ed-47d5-87bf-e24b521d4e35 GET /messages/641da08a604ae13569e3f76c 186.663
c719fd25-c81c-4a4c-90e1-3977ad4bebfe GET /admins 308.952
8ec2ab8a-f6c0-4bb4-a967-6e0a8f60e1b7 GET /products 312.341
0f87344c-1369-481b-bf27-1a578b7f3f5b GET /messages/641da08a604ae13569e3f76c 114.278
7a479d42-f39c-44ab-a000-063b729bd3bb GET /admins 255.629
994e791a-4e58-44e1-b2ef-7f06c67471fb GET /products 267.179
9ffd5615-57ed-4d98-bc8b-db19c4fcce75 GET /messages/641da08a604ae13569e3f76c 351.257
173e584c-d370-4b2e-b5b3-d9667c09e326 GET /admins 141.348
4046f713-e430-4f15-9853-9de8e70b1f0c GET /products 232.227
3a835d37-5244-4bd0-bca7-bb9b2d9b595a GET /messages/641da08a604ae13569e3f76c 79.054
1bf2f5f3-ef40-4b68-816a-052e4f26f39e GET /messages/641da08a604ae13569e3f76c 273.173
57762a5b-d8f3-4239-a981-2252f9098369 GET /messages/641da08a604ae13569e3f76c 101.693
2d377ac8-5388-4913-b0dd-2a2b3c2a0aa5 GET /products 92.079
9a4f2bc7-0427-49c2-9935-959e319304a2 GET /admins 100.156
11f207f1-55d7-4875-9313-ad2995e39e30 GET /messages/641da08a604ae13569e3f76c 188.699
05f8ae25-9a86-4949-aaed-bc1d705de8dd GET /messages/641da08a604ae13569e3f76c 87.158
fa191154-a3e7-45cc-bf64-566c1414f0d8 GET /messages/641da08a604ae13569e3f76c 413.081
7ca945a0-38c0-47e8-b426-269c80a45d64 GET /messages/641da08a604ae13569e3f76c 128.082
8e0f6dca-2d8e-489f-a3fd-73766edab8a1 GET /messages/641da08a604ae13569e3f76c 250.064
e6cfd6e4-ef28-454b-8277-d26d48a83cf2 GET /messages/641da08a604ae13569e3f76c 455.423
02ef2219-5f41-453d-a77b-759f561f5373 GET /messages/641da08a604ae13569e3f76c 113.410
4ca584db-88f7-4caa-8c23-e47b4a467f4a GET /messages/641da08a604ae13569e3f76c 104.310
842a88cd-a56c-4017-b1be-bfec1817b05b GET /products 209.247
a3433e9c-73f8-448f-affe-8143623958b7 GET /admins 215.865
51129de7-2374-454d-9fdd-fa407e6b4e95 GET /messages/641da08a604ae13569e3f76c 152.087
50becc83-647d-4548-8f01-b650b24c09b9 GET /messages/641da08a604ae13569e3f76c 93.367
bb5fb0e5-029e-404f-ac51-5547963b50be GET /messages/641da08a604ae13569e3f76c 603.592
bf792a1a-1faa-4eed-b90f-a952a5416f14 GET /messages/641da08a604ae13569e3f76c 340.391
a3ffd150-bcd5-4cf4-bd3f-943768f4bed2 GET /messages/641da08a604ae13569e3f76c 89.088
dff1e3b1-5746-49ea-9b1e-b8b6c2c58d04 GET /messages/641da08a604ae13569e3f76c 115.255
eea7dabd-8d83-42de-83de-4296197da719 GET /messages/641da08a604ae13569e3f76c 82.618
303264ef-903e-4985-b7b2-80b5b41f9e44 GET /messages/641da08a604ae13569e3f76c 272.335
8c089eb1-a729-4167-85d5-0ab215ca0b8c GET /messages/641da08a604ae13569e3f76c 484.785
7e8c9a72-3a45-4612-bb04-836f6f6256a3 GET /messages/641da08a604ae13569e3f76c 85.570
d93f707a-dfb5-4efb-855d-c03fc5298614 GET /messages/641da08a604ae13569e3f76c 74.918
5a7a99b5-67c6-4dff-bd9e-9e9016a58297 GET /messages/641da08a604ae13569e3f76c 702.731
3858ff08-23ad-4776-b4db-4796fc58cd4e GET /messages/641da08a604ae13569e3f76c 119.323
2eca1617-7bc8-45df-a487-f0de93c87b9c GET /messages/641da08a604ae13569e3f76c 75.841
5384da9c-04ac-42ac-a8ab-bd9043900938 GET /messages/641da08a604ae13569e3f76c 420.130
86c0ebf3-7476-4c54-b272-faef26e68390 GET /messages/641da08a604ae13569e3f76c 77.938
56a63524-1ebb-46d5-b765-6fcc87db3da2 GET /messages/641da08a604ae13569e3f76c 720.213
d6ead0e8-7a71-4fbe-849d-9ed271cb537e GET /messages/641da08a604ae13569e3f76c 125.624
9a1022c6-f0e9-4856-b446-06ffc6e77eda GET /messages/641da08a604ae13569e3f76c 486.686
5c15680f-675c-48de-b56b-95f8175805fd GET /messages/641da08a604ae13569e3f76c 335.537
c33a6ef8-42bc-4c29-b9d8-43c40c77a1a6 GET /messages/641da08a604ae13569e3f76c 95.049
c624565f-2d95-4240-ac5c-e3dd005e8f42 GET /messages/641da08a604ae13569e3f76c 123.311
47bae213-2813-4259-8254-dee2e823a195 GET /messages/641da08a604ae13569e3f76c 88.789
4fb8db39-2cc1-4049-9748-aed8a82a64f0 GET /messages/641da08a604ae13569e3f76c 358.943
7fd89ae2-8c0a-46ad-a2a9-9dbb5d9b8b7a GET /messages/641da08a604ae13569e3f76c 457.994
5cfb98e0-422b-4759-a91f-2e53b73ed7ea GET /admins 131.736
73b1280f-5d9c-48b4-9b8c-72949c8562ae GET /products 147.745
5944b048-b4ba-4b17-ac3a-504afeaa715b GET /messages/641da08a604ae13569e3f76c 86.449
a8903f72-5fb7-46e0-8266-0b835bc58690 GET /messages/641da08a604ae13569e3f76c 141.589
65fad1d1-153d-4d5e-9885-4034da751364 GET /admins 110.511
9e1b7b37-dbc7-4bad-b30d-17876da4c288 GET /products 105.810
938b2e3b-4aae-4d46-bc0c-3263c256fccd GET /products 94.646
fac6435e-7e46-4f64-af38-bd6d5a0efec0 GET /admins 102.665
cff092a2-da7b-4727-be0f-13ede261a111 GET /admins 84.071
465dca1f-8816-4293-bed7-ab97d4a50a0a GET /products 84.035
31a03287-8553-4b73-956d-edb6e11fd71d GET /admins 121.920
9bb8a9e1-2f94-4d54-9c8e-14c14ddfae9f GET /products 129.059
34154742-d8ad-45e9-a99a-10e8d3fe8736 GET /admins 104.115
dec5e26f-a9c6-4aa6-8023-3998517e076e GET /products 108.406
3b10a197-5a1d-4c9d-9217-a59c7ffc0fcf GET /admins 132.433
69549434-03e4-4a74-a73a-4b1c2872d303 GET /products 137.794
e64f7139-6ce7-42f9-a9b9-e6331eff626b GET /admins 90.821
137a7816-fdc6-4a78-92fd-07648fd384e8 GET /products 102.517
1264adc9-badf-4f91-bc30-9d78d8a205f3 GET /admins 537.359
d0a53e4a-1e0a-484d-8984-e86fcc094c72 GET /products 574.158
aca6f4b7-91e0-4685-8a1e-cd27d7954193 GET /admins 623.964
dd92b31e-0b1b-4c67-8879-5343ad2cbdf8 GET /products 619.691
92591d3b-6d09-490f-abca-03d1d15f41aa GET /admins 100.283
44d90cea-4ff4-4d87-8e46-b01ea69b44af GET /products 103.829
1c2f9898-fbb4-487e-a0a8-cfb2ebb43359 GET /admins 78.332
f01adc8b-773f-4bd2-bc7d-a2c449528046 GET /products 133.598
6c7639ba-7e54-4520-97d1-4f9ff4b605c1 GET /admins 678.404
8feafb30-61da-434a-927d-3322d7e8c1bc GET /products 680.329
643bf776-a30f-453b-acae-3abcb0b9114e GET /admins 625.011
505431cd-5085-473a-bf0d-45087206199a GET /products 632.050
6a481f53-b108-4996-a9b2-f00288d9d7cf GET /admins 83.642
b183d435-7f35-43bd-b758-aa631dda73a3 GET /products 83.493
a111c475-4722-49ef-9aed-802a0d4dbadb GET /products 199.114
04a40009-7859-4224-ad61-71d0d24c5878 GET /admins 751.101
080089b2-aa74-466d-b1b1-1270b0ba0674 GET /messages/641da08a604ae13569e3f76c 287.222
9558791f-f55e-4924-ad12-4f9dc7a37ad2 GET /products 389.472
71ca025d-dbcc-43d5-a3b2-bbb98f627826 GET /admins 385.524
4310f9d9-b2b9-421c-ab61-2d0aedf6762f GET /messages/641da08a604ae13569e3f76c 572.041
ec266a78-e5b4-49ab-b1a2-1ab8bd42df61 GET /admins 211.616
e417c137-9cb1-4f36-a457-268fcd70af51 GET /products 221.024
45ffc366-8eb2-49e6-8afd-2b01f6192fc3 GET /messages/641d87e5ade99bacc2875783 711.808
a0f8a83c-388d-4678-ad4b-fb0ce8127a9f GET /admins 250.883
4a127d79-9478-4841-9c38-3027327ea276 GET /products 256.862
cf9c96d8-064d-4675-85e8-94462dc3c741 GET /messages 1057.050
ed58e474-3875-44d5-8934-d4d3ba1effbe DELETE /messages/641da08a604ae13569e3f76c 98.316
70193092-77c0-4d99-b8b6-e3ebb9b9cf66 GET /admins 221.205
60512ea1-7f7f-420b-9153-dec69f6ab61f GET /products 222.862
67faad8e-e8b5-4372-84d7-f4544d78c7aa GET /messages 363.790
